c:\users\david\google drive\visual studio\mainwindow - copy - copy - copy\mainwindow\release\point.obj
c:\users\david\google drive\visual studio\mainwindow - copy - copy - copy\mainwindow\release\mainwindow.obj
c:\users\david\google drive\visual studio\mainwindow - copy - copy - copy\mainwindow\release\main.obj
c:\users\david\google drive\visual studio\mainwindow - copy - copy - copy\mainwindow\release\imagemodifier.obj
c:\users\david\google drive\visual studio\mainwindow - copy - copy - copy\mainwindow\release\moc_mainwindow.obj
c:\users\david\google drive\visual studio\mainwindow - copy - copy - copy\mainwindow\release\moc_display.obj
c:\users\david\google drive\visual studio\mainwindow - copy - copy - copy\mainwindow\release\display.obj
c:\users\david\google drive\visual studio\mainwindow - copy - copy - copy\mainwindow\release\qrc_mainwindow.obj
c:\users\david\google drive\visual studio\mainwindow - copy - copy - copy\mainwindow\generatedfiles\ui_mainwindow.h
c:\users\david\google drive\visual studio\mainwindow - copy - copy - copy\mainwindow\generatedfiles\qrc_mainwindow.cpp
c:\users\david\google drive\visual studio\mainwindow - copy - copy - copy\mainwindow\generatedfiles\release\moc_mainwindow.cpp
c:\users\david\google drive\visual studio\mainwindow - copy - copy - copy\mainwindow\generatedfiles\release\moc_display.cpp
c:\users\david\google drive\visual studio\street view\win32\release\mainwindow.exe
c:\users\david\google drive\visual studio\street view\mainwindow\release\display.obj
c:\users\david\google drive\visual studio\street view\mainwindow\release\imagemodifier.obj
c:\users\david\google drive\visual studio\street view\mainwindow\release\main (1).obj
c:\users\david\google drive\visual studio\street view\mainwindow\release\main.obj
c:\users\david\google drive\visual studio\street view\mainwindow\release\mainwindow (1).obj
c:\users\david\google drive\visual studio\street view\mainwindow\release\mainwindow.obj
c:\users\david\google drive\visual studio\street view\mainwindow\release\moc_display.obj
c:\users\david\google drive\visual studio\street view\mainwindow\release\moc_mainwindow (1).obj
c:\users\david\google drive\visual studio\street view\mainwindow\release\moc_mainwindow.obj
c:\users\david\google drive\visual studio\street view\mainwindow\release\point.obj
c:\users\david\google drive\visual studio\street view\mainwindow\release\qrc_mainwindow.obj
c:\users\david\google drive\visual studio\street view\mainwindow\release\mainwindow.tlog\cl.command.1.tlog
c:\users\david\google drive\visual studio\street view\mainwindow\release\mainwindow.tlog\cl.read.1.tlog
c:\users\david\google drive\visual studio\street view\mainwindow\release\mainwindow.tlog\cl.write.1.tlog
c:\users\david\google drive\visual studio\street view\mainwindow\release\mainwindow.tlog\custombuild.command.1.tlog
c:\users\david\google drive\visual studio\street view\mainwindow\release\mainwindow.tlog\custombuild.read.1.tlog
c:\users\david\google drive\visual studio\street view\mainwindow\release\mainwindow.tlog\custombuild.write.1.tlog
c:\users\david\google drive\visual studio\street view\mainwindow\release\mainwindow.tlog\link.command.1.tlog
c:\users\david\google drive\visual studio\street view\mainwindow\release\mainwindow.tlog\link.read.1.tlog
c:\users\david\google drive\visual studio\street view\mainwindow\release\mainwindow.tlog\link.write.1.tlog
