Build started 7/19/2014 11:59:24 PM.
     1>Project "C:\Users\David\Google Drive\Visual Studio\MainWindow - Copy\MainWindow\MainWindow.vcxproj" on node 2 (Build target(s)).
     1>C:\Program Files (x86)\MSBuild\Microsoft.Cpp\v4.0\V120\Microsoft.CppBuild.targets(935,5): warning MSB8027: Two or more files with the name of moc_display.cpp will produce outputs to the same location. This can lead to an incorrect build result.  The files involved are GeneratedFiles\Debug\moc_display.cpp, GeneratedFiles\Release\moc_display.cpp.
     1>C:\Program Files (x86)\MSBuild\Microsoft.Cpp\v4.0\V120\Microsoft.CppBuild.targets(935,5): warning MSB8027: Two or more files with the name of moc_mainwindow.cpp will produce outputs to the same location. This can lead to an incorrect build result.  The files involved are GeneratedFiles\Debug\moc_mainwindow.cpp, GeneratedFiles\Release\moc_mainwindow.cpp.
     1>ClCompile:
         C:\Program Files (x86)\Microsoft Visual Studio 12.0\VC\bin\CL.exe /c /I.\GeneratedFiles /I. /IC:\Qt\5.3.1\qtbase\include /I.\GeneratedFiles\Debug /IC:\Qt\5.3.1\qtbase\include\QtCore /IC:\Qt\5.3.1\qtbase\include\QtGui /IC:\Qt\5.3.1\qtbase\include\QtWidgets /Zi /nologo /W1 /WX- /Od /Oy- /D UNICODE /D WIN32 /D WIN64 /D QT_DLL /D QT_CORE_LIB /D QT_GUI_LIB /D QT_WIDGETS_LIB /Gm- /EHsc /MDd /GS /fp:precise /Zc:wchar_t /Zc:forScope /Fo"Debug\\" /Fd"Debug\vc120.pdb" /Gd /TP /analyze- /errorReport:prompt display.cpp
         display.cpp
       Link:
         C:\Program Files (x86)\Microsoft Visual Studio 12.0\VC\bin\link.exe /ERRORREPORT:PROMPT /OUT:"C:\Users\David\Google Drive\Visual Studio\MainWindow - Copy\Win32\Debug\\MainWindow.exe" /NOLOGO /LIBPATH:C:\Qt\5.3.1\qtbase\lib qtmaind.lib Qt5Cored.lib Qt5Guid.lib Qt5Widgetsd.lib kernel32.lib user32.lib gdi32.lib winspool.lib comdlg32.lib advapi32.lib shell32.lib ole32.lib oleaut32.lib uuid.lib odbc32.lib odbccp32.lib /MANIFEST /MANIFESTUAC:"level='asInvoker' uiAccess='false'" /manifest:embed /DEBUG /PDB:"C:\Users\David\Google Drive\Visual Studio\MainWindow - Copy\Win32\Debug\MainWindow.pdb" /SUBSYSTEM:WINDOWS /TLBID:1 /DYNAMICBASE /NXCOMPAT /IMPLIB:"C:\Users\David\Google Drive\Visual Studio\MainWindow - Copy\Win32\Debug\MainWindow.lib" /MACHINE:X86 /SAFESEH Debug\display.obj
         Debug\moc_display.obj
         Debug\moc_mainwindow.obj
         Debug\qrc_mainwindow.obj
         Debug\ImageModifier.obj
         Debug\main.obj
         Debug\mainwindow.obj
         Debug\Point.obj
         MainWindow.vcxproj -> C:\Users\David\Google Drive\Visual Studio\MainWindow - Copy\Win32\Debug\MainWindow.exe
     1>Done Building Project "C:\Users\David\Google Drive\Visual Studio\MainWindow - Copy\MainWindow\MainWindow.vcxproj" (Build target(s)).

Build succeeded.

Time Elapsed 00:00:00.73
